0 silly argv {
0 silly argv   _: [ 'add' ],
0 silly argv   scope: '@my-org/app',
0 silly argv   globs: [],
0 silly argv   lernaVersion: '3.22.1',
0 silly argv   '$0': 'lerna',
0 silly argv   pkg: '@my-org/core'
0 silly argv }
1 notice cli v3.22.1
2 verbose rootPath /home/lferrari/Projects/POC/lerna-example
3 notice filter including "@my-org/app"
4 info filter [ '@my-org/app' ]
5 error TypeError: Invalid comparator: file:../core/my-org-core-0.0.1.tgz
5 error     at Comparator.parse (/home/lferrari/Projects/POC/lerna-example/node_modules/semver/semver.js:794:11)
5 error     at new Comparator (/home/lferrari/Projects/POC/lerna-example/node_modules/semver/semver.js:777:8)
5 error     at Range.<anonymous> (/home/lferrari/Projects/POC/lerna-example/node_modules/semver/semver.js:975:12)
5 error     at Array.map (<anonymous>)
5 error     at Range.parseRange (/home/lferrari/Projects/POC/lerna-example/node_modules/semver/semver.js:974:13)
5 error     at Range.<anonymous> (/home/lferrari/Projects/POC/lerna-example/node_modules/semver/semver.js:917:17)
5 error     at Array.map (<anonymous>)
5 error     at new Range (/home/lferrari/Projects/POC/lerna-example/node_modules/semver/semver.js:916:40)
5 error     at Function.intersects (/home/lferrari/Projects/POC/lerna-example/node_modules/semver/semver.js:1542:8)
5 error     at getRangeToReference (/home/lferrari/Projects/POC/lerna-example/node_modules/@lerna/add/lib/get-range-to-reference.js:18:35)
5 error     at /home/lferrari/Projects/POC/lerna-example/node_modules/@lerna/add/index.js:152:14
5 error     at Array.filter (<anonymous>)
5 error     at AddCommand.collectPackagesToChange (/home/lferrari/Projects/POC/lerna-example/node_modules/@lerna/add/index.js:144:21)
